app/build/intermediates/manifest_merge_blame_file/debug/manifest-merger-blame-debug-report.txt
1<?xml version="1.0" encoding="utf-8"?>
2<manifest xmlns:android="http://schemas.android.com/apk/res/android"
3    package="com.shaparapatah.notes"
4    android:versionCode="1"
5    android:versionName="1.0" >
6
7    <uses-sdk
8        android:minSdkVersion="24"
8-->src\main\AndroidManifest.xml
9        android:targetSdkVersion="30" />
9-->src\main\AndroidManifest.xml
10
11    <uses-permission android:name="android.permission.INTERNET" />
11-->src\main\AndroidManifest.xml:6:5-66
11-->src\main\AndroidManifest.xml:6:22-64
12
13    <!-- Although the *SdkVersion is captured in gradle build files, this is required for non gradle builds -->
14    <!-- <uses-sdk android:minSdkVersion="14" /> -->
15    <uses-permission android:name="android.permission.ACCESS_NETWORK_STATE" />
15-->[com.google.firebase:firebase-firestore:23.0.3] AndroidManifest.xml:13:5-79
15-->[com.google.firebase:firebase-firestore:23.0.3] AndroidManifest.xml:13:22-76
16
17    <application
17-->src\main\AndroidManifest.xml:7:5-24:19
18        android:allowBackup="true"
18-->src\main\AndroidManifest.xml:8:9-35
19        android:appComponentFactory="androidx.core.app.CoreComponentFactory"
19-->[androidx.core:core:1.5.0] AndroidManifest.xml:24:18-86
20        android:debuggable="true"
21        android:extractNativeLibs="false"
22        android:icon="@mipmap/ic_launcher"
22-->src\main\AndroidManifest.xml:9:9-43
23        android:label="@string/app_name"
23-->src\main\AndroidManifest.xml:10:9-41
24        android:roundIcon="@mipmap/ic_launcher_round"
24-->src\main\AndroidManifest.xml:11:9-54
25        android:supportsRtl="true"
25-->src\main\AndroidManifest.xml:12:9-35
26        android:testOnly="true"
27        android:theme="@style/Theme.Notes" >
27-->src\main\AndroidManifest.xml:13:9-43
28        <activity
28-->src\main\AndroidManifest.xml:14:9-22:20
29            android:name="com.shaparapatah.notes.MainActivity"
29-->src\main\AndroidManifest.xml:15:13-41
30            android:exported="true" >
30-->src\main\AndroidManifest.xml:16:13-36
31            <intent-filter>
31-->src\main\AndroidManifest.xml:17:13-21:29
32                <action android:name="android.intent.action.MAIN" />
32-->src\main\AndroidManifest.xml:18:17-69
32-->src\main\AndroidManifest.xml:18:25-66
33
34                <category android:name="android.intent.category.LAUNCHER" />
34-->src\main\AndroidManifest.xml:20:17-77
34-->src\main\AndroidManifest.xml:20:27-74
35            </intent-filter>
36        </activity>
37
38        <service
38-->[com.google.firebase:firebase-firestore:23.0.3] AndroidManifest.xml:17:9-23:19
39            android:name="com.google.firebase.components.ComponentDiscoveryService"
39-->[com.google.firebase:firebase-firestore:23.0.3] AndroidManifest.xml:18:13-84
40            android:directBootAware="true"
40-->[com.google.firebase:firebase-common:20.0.0] AndroidManifest.xml:35:13-43
41            android:exported="false" >
41-->[com.google.firebase:firebase-firestore:23.0.3] AndroidManifest.xml:19:13-37
42            <meta-data
42-->[com.google.firebase:firebase-firestore:23.0.3] AndroidManifest.xml:20:13-22:85
43                android:name="com.google.firebase.components:com.google.firebase.firestore.FirestoreRegistrar"
43-->[com.google.firebase:firebase-firestore:23.0.3] AndroidManifest.xml:21:17-111
44                android:value="com.google.firebase.components.ComponentRegistrar" />
44-->[com.google.firebase:firebase-firestore:23.0.3] AndroidManifest.xml:22:17-82
45            <meta-data
45-->[com.google.firebase:firebase-storage:20.0.0] AndroidManifest.xml:33:13-35:85
46                android:name="com.google.firebase.components:com.google.firebase.storage.StorageRegistrar"
46-->[com.google.firebase:firebase-storage:20.0.0] AndroidManifest.xml:34:17-107
47                android:value="com.google.firebase.components.ComponentRegistrar" />
47-->[com.google.firebase:firebase-storage:20.0.0] AndroidManifest.xml:35:17-82
48            <meta-data
48-->[com.google.firebase:firebase-auth:21.0.1] AndroidManifest.xml:77:13-79:85
49                android:name="com.google.firebase.components:com.google.firebase.auth.FirebaseAuthRegistrar"
49-->[com.google.firebase:firebase-auth:21.0.1] AndroidManifest.xml:78:17-109
50                android:value="com.google.firebase.components.ComponentRegistrar" />
50-->[com.google.firebase:firebase-auth:21.0.1] AndroidManifest.xml:79:17-82
51        </service>
52
53        <activity
53-->[com.google.firebase:firebase-auth:21.0.1] AndroidManifest.xml:27:9-44:20
54            android:name="com.google.firebase.auth.internal.GenericIdpActivity"
54-->[com.google.firebase:firebase-auth:21.0.1] AndroidManifest.xml:28:13-80
55            android:excludeFromRecents="true"
55-->[com.google.firebase:firebase-auth:21.0.1] AndroidManifest.xml:29:13-46
56            android:exported="true"
56-->[com.google.firebase:firebase-auth:21.0.1] AndroidManifest.xml:30:13-36
57            android:launchMode="singleTask"
57-->[com.google.firebase:firebase-auth:21.0.1] AndroidManifest.xml:31:13-44
58            android:theme="@android:style/Theme.Translucent.NoTitleBar" >
58-->[com.google.firebase:firebase-auth:21.0.1] AndroidManifest.xml:32:13-72
59            <intent-filter>
59-->[com.google.firebase:firebase-auth:21.0.1] AndroidManifest.xml:33:13-43:29
60                <action android:name="android.intent.action.VIEW" />
60-->[com.google.firebase:firebase-auth:21.0.1] AndroidManifest.xml:34:17-69
60-->[com.google.firebase:firebase-auth:21.0.1] AndroidManifest.xml:34:25-66
61
62                <category android:name="android.intent.category.DEFAULT" />
62-->[com.google.firebase:firebase-auth:21.0.1] AndroidManifest.xml:36:17-76
62-->[com.google.firebase:firebase-auth:21.0.1] AndroidManifest.xml:36:27-73
63                <category android:name="android.intent.category.BROWSABLE" />
63-->[com.google.firebase:firebase-auth:21.0.1] AndroidManifest.xml:37:17-78
63-->[com.google.firebase:firebase-auth:21.0.1] AndroidManifest.xml:37:27-75
64
65                <data
65-->[com.google.firebase:firebase-auth:21.0.1] AndroidManifest.xml:39:17-42:51
66                    android:host="firebase.auth"
66-->[com.google.firebase:firebase-auth:21.0.1] AndroidManifest.xml:40:21-49
67                    android:path="/"
67-->[com.google.firebase:firebase-auth:21.0.1] AndroidManifest.xml:41:21-37
68                    android:scheme="genericidp" />
68-->[com.google.firebase:firebase-auth:21.0.1] AndroidManifest.xml:42:21-48
69            </intent-filter>
70        </activity>
71        <activity
71-->[com.google.firebase:firebase-auth:21.0.1] AndroidManifest.xml:45:9-62:20
72            android:name="com.google.firebase.auth.internal.RecaptchaActivity"
72-->[com.google.firebase:firebase-auth:21.0.1] AndroidManifest.xml:46:13-79
73            android:excludeFromRecents="true"
73-->[com.google.firebase:firebase-auth:21.0.1] AndroidManifest.xml:47:13-46
74            android:exported="true"
74-->[com.google.firebase:firebase-auth:21.0.1] AndroidManifest.xml:48:13-36
75            android:launchMode="singleTask"
75-->[com.google.firebase:firebase-auth:21.0.1] AndroidManifest.xml:49:13-44
76            android:theme="@android:style/Theme.Translucent.NoTitleBar" >
76-->[com.google.firebase:firebase-auth:21.0.1] AndroidManifest.xml:50:13-72
77            <intent-filter>
77-->[com.google.firebase:firebase-auth:21.0.1] AndroidManifest.xml:51:13-61:29
78                <action android:name="android.intent.action.VIEW" />
78-->[com.google.firebase:firebase-auth:21.0.1] AndroidManifest.xml:34:17-69
78-->[com.google.firebase:firebase-auth:21.0.1] AndroidManifest.xml:34:25-66
79
80                <category android:name="android.intent.category.DEFAULT" />
80-->[com.google.firebase:firebase-auth:21.0.1] AndroidManifest.xml:36:17-76
80-->[com.google.firebase:firebase-auth:21.0.1] AndroidManifest.xml:36:27-73
81                <category android:name="android.intent.category.BROWSABLE" />
81-->[com.google.firebase:firebase-auth:21.0.1] AndroidManifest.xml:37:17-78
81-->[com.google.firebase:firebase-auth:21.0.1] AndroidManifest.xml:37:27-75
82
83                <data
83-->[com.google.firebase:firebase-auth:21.0.1] AndroidManifest.xml:39:17-42:51
84                    android:host="firebase.auth"
84-->[com.google.firebase:firebase-auth:21.0.1] AndroidManifest.xml:40:21-49
85                    android:path="/"
85-->[com.google.firebase:firebase-auth:21.0.1] AndroidManifest.xml:41:21-37
86                    android:scheme="recaptcha" />
86-->[com.google.firebase:firebase-auth:21.0.1] AndroidManifest.xml:42:21-48
87            </intent-filter>
88        </activity>
89
90        <service
90-->[com.google.firebase:firebase-auth:21.0.1] AndroidManifest.xml:64:9-73:19
91            android:name="com.google.firebase.auth.api.fallback.service.FirebaseAuthFallbackService"
91-->[com.google.firebase:firebase-auth:21.0.1] AndroidManifest.xml:65:13-101
92            android:enabled="true"
92-->[com.google.firebase:firebase-auth:21.0.1] AndroidManifest.xml:66:13-35
93            android:exported="false" >
93-->[com.google.firebase:firebase-auth:21.0.1] AndroidManifest.xml:67:13-37
94            <intent-filter>
94-->[com.google.firebase:firebase-auth:21.0.1] AndroidManifest.xml:68:13-72:29
95                <action android:name="com.google.firebase.auth.api.gms.service.START" />
95-->[com.google.firebase:firebase-auth:21.0.1] AndroidManifest.xml:69:17-89
95-->[com.google.firebase:firebase-auth:21.0.1] AndroidManifest.xml:69:25-86
96
97                <category android:name="android.intent.category.DEFAULT" />
97-->[com.google.firebase:firebase-auth:21.0.1] AndroidManifest.xml:36:17-76
97-->[com.google.firebase:firebase-auth:21.0.1] AndroidManifest.xml:36:27-73
98            </intent-filter>
99        </service>
100
101        <activity
101-->[com.google.android.gms:play-services-auth:19.0.0] AndroidManifest.xml:23:9-27:75
102            android:name="com.google.android.gms.auth.api.signin.internal.SignInHubActivity"
102-->[com.google.android.gms:play-services-auth:19.0.0] AndroidManifest.xml:24:13-93
103            android:excludeFromRecents="true"
103-->[com.google.android.gms:play-services-auth:19.0.0] AndroidManifest.xml:25:13-46
104            android:exported="false"
104-->[com.google.android.gms:play-services-auth:19.0.0] AndroidManifest.xml:26:13-37
105            android:theme="@android:style/Theme.Translucent.NoTitleBar" />
105-->[com.google.android.gms:play-services-auth:19.0.0] AndroidManifest.xml:27:13-72
106        <!--
107            Service handling Google Sign-In user revocation. For apps that do not integrate with
108            Google Sign-In, this service will never be started.
109        -->
110        <service
110-->[com.google.android.gms:play-services-auth:19.0.0] AndroidManifest.xml:33:9-37:51
111            android:name="com.google.android.gms.auth.api.signin.RevocationBoundService"
111-->[com.google.android.gms:play-services-auth:19.0.0] AndroidManifest.xml:34:13-89
112            android:exported="true"
112-->[com.google.android.gms:play-services-auth:19.0.0] AndroidManifest.xml:35:13-36
113            android:permission="com.google.android.gms.auth.api.signin.permission.REVOCATION_NOTIFICATION"
113-->[com.google.android.gms:play-services-auth:19.0.0] AndroidManifest.xml:36:13-107
114            android:visibleToInstantApps="true" />
114-->[com.google.android.gms:play-services-auth:19.0.0] AndroidManifest.xml:37:13-48
115
116        <activity
116-->[com.google.android.gms:play-services-base:17.1.0] AndroidManifest.xml:23:9-26:75
117            android:name="com.google.android.gms.common.api.GoogleApiActivity"
117-->[com.google.android.gms:play-services-base:17.1.0] AndroidManifest.xml:24:13-79
118            android:exported="false"
118-->[com.google.android.gms:play-services-base:17.1.0] AndroidManifest.xml:25:13-37
119            android:theme="@android:style/Theme.Translucent.NoTitleBar" />
119-->[com.google.android.gms:play-services-base:17.1.0] AndroidManifest.xml:26:13-72
120
121        <provider
121-->[com.google.firebase:firebase-common:20.0.0] AndroidManifest.xml:26:9-31:39
122            android:name="com.google.firebase.provider.FirebaseInitProvider"
122-->[com.google.firebase:firebase-common:20.0.0] AndroidManifest.xml:27:13-77
123            android:authorities="com.shaparapatah.notes.firebaseinitprovider"
123-->[com.google.firebase:firebase-common:20.0.0] AndroidManifest.xml:28:13-72
124            android:directBootAware="true"
124-->[com.google.firebase:firebase-common:20.0.0] AndroidManifest.xml:29:13-43
125            android:exported="false"
125-->[com.google.firebase:firebase-common:20.0.0] AndroidManifest.xml:30:13-37
126            android:initOrder="100" />
126-->[com.google.firebase:firebase-common:20.0.0] AndroidManifest.xml:31:13-36
127
128        <meta-data
128-->[com.google.android.gms:play-services-basement:17.1.1] AndroidManifest.xml:23:9-25:69
129            android:name="com.google.android.gms.version"
129-->[com.google.android.gms:play-services-basement:17.1.1] AndroidManifest.xml:24:13-58
130            android:value="@integer/google_play_services_version" />
130-->[com.google.android.gms:play-services-basement:17.1.1] AndroidManifest.xml:25:13-66
131    </application>
132
133</manifest>